{"/home/matt/dev/personal/stock-alerts/app/src/Handler.ts": {"path":"/home/matt/dev/personal/stock-alerts/app/src/Handler.ts","statementMap":{"0":{"start":{"line":1,"column":23},"end":{"line":3,"column":null}},"1":{"start":{"line":1,"column":52},"end":{"line":3,"column":null}},"2":{"start":{"line":2,"column":2},"end":{"line":2,"column":null}},"3":{"start":{"line":1,"column":13},"end":{"line":1,"column":23}}},"fnMap":{"0":{"name":"(anonymous_7)","decl":{"start":{"line":1,"column":23},"end":{"line":1,"column":50}},"loc":{"start":{"line":1,"column":52},"end":{"line":3,"column":null}}},"1":{"name":"(anonymous_8)","decl":{"start":{"line":1,"column":52},"end":{"line":1,"column":null}},"loc":{"start":{"line":1,"column":52},"end":{"line":3,"column":1}}}},"branchMap":{},"s":{"0":1,"1":1,"2":1,"3":1},"f":{"0":1,"1":1},"b":{}}
}
